[2018-08-25 19:38:41] [ordersUpload] Orders are loaded with errors
[2018-08-25 19:38:41] This payment type is not supported for the type of delivery
This payment type is not supported for the type of delivery
This payment type is not supported for the type of delivery
This payment type is not supported for the type of delivery
This payment type is not supported for the type of delivery
This payment type is not supported for the type of delivery
[2018-09-08 19:00:34] [ordersEdit] Not found
[2018-09-08 19:00:57] [ordersEdit] Not found
[2018-09-29 19:04:22] [ordersEdit] Not found
[2018-09-29 19:08:08] [ordersEdit] Not found
[2018-09-29 19:16:17] [ordersEdit] Not found
[2019-12-15 15:43:35] [ordersCreate] Order is not loaded
[2019-12-15 15:43:35] Customer with externalId=1 not found. Order externalId=575.
[2019-12-15 15:43:36] [ordersEdit] Not found
[2020-03-14 19:01:26] [ordersCreate] Order is not loaded
[2020-03-14 19:01:26] Payment type should be specified.
[2020-03-14 19:01:38] [ordersEdit] Not found
[2020-03-15 10:38:20] [ordersCreate] Order is not loaded
[2020-03-15 10:38:20] Payment type should be specified.
[2020-03-15 10:38:23] [ordersCreate] Order is not loaded
[2020-03-15 10:38:23] Payment type should be specified.
[2020-03-15 10:38:54] [ordersCreate] Order already exists.
[2020-03-15 10:39:11] [ordersCreate] Order already exists.
[2020-03-15 10:39:21] [ordersPaymentCreate] Errors in the entity format
[2020-03-15 10:39:21] Payment type should be specified.
[2020-03-15 11:17:54] [ordersCreate] Order is not loaded
[2020-03-15 11:17:54] Payment type should be specified.
[2020-03-15 11:17:57] [ordersCreate] Order is not loaded
[2020-03-15 11:17:57] Payment type should be specified.
[2020-03-15 11:18:48] [ordersCreate] Order already exists.
[2020-03-15 11:18:51] [ordersCreate] Order already exists.
[2020-03-15 11:19:04] [ordersCreate] Order already exists.
[2020-03-15 11:19:21] [ordersCreate] Order already exists.
[2020-03-15 11:19:25] [ordersCreate] Order already exists.
[2020-03-15 11:20:25] [ordersCreate] Order already exists.
[2020-03-15 11:20:33] [ordersPaymentCreate] Errors in the entity format
[2020-03-15 11:20:33] Payment type should be specified.
[2020-03-15 11:38:21] [ordersCreate] Order is not loaded
[2020-03-15 11:38:21] Payment type should be specified.
[2020-03-15 13:19:07] [ordersCreate] Order already exists.
[2020-03-15 13:19:46] [ordersCreate] Order already exists.
[2020-03-15 13:21:11] [ordersCreate] Order already exists.
[2020-03-15 13:33:38] [ordersCreate] Order already exists.
[2020-03-15 14:17:01] [ordersCreate] Order is not loaded
[2020-03-15 14:17:01] Payment type should be specified.
[2020-03-15 14:20:07] [ordersCreate] Order is not loaded
[2020-03-15 14:20:07] Payment type should be specified.
[2020-03-15 14:21:12] [ordersCreate] Order is not loaded
[2020-03-15 14:21:12] Payment type should be specified.
[2020-03-15 14:21:44] [ordersCreate] Order already exists.
[2020-03-15 14:30:49] [ordersCreate] Order is not loaded
[2020-03-15 14:30:49] Payment type should be specified.
[2020-03-15 14:34:33] [ordersCreate] Order is not loaded
[2020-03-15 14:34:33] Payment type should be specified.
[2020-03-15 14:38:21] [ordersCreate] Order already exists.
[2020-03-15 14:42:36] [ordersCreate] Order is not loaded
[2020-03-15 14:42:36] Payment type should be specified.
[2020-03-15 14:42:39] [ordersCreate] Order is not loaded
[2020-03-15 14:42:39] Payment type should be specified.
[2020-03-15 14:42:47] [ordersCreate] Order is not loaded
[2020-03-15 14:42:47] Payment type should be specified.
[2020-03-15 14:46:42] [ordersCreate] Order is not loaded
[2020-03-15 14:46:42] Payment type should be specified.
[2020-03-15 14:47:09] [ordersCreate] Order is not loaded
[2020-03-15 14:47:09] Payment type should be specified.
[2020-03-15 14:55:08] [ordersCreate] Order is not loaded
[2020-03-15 14:55:08] Payment type should be specified.
[2020-03-15 15:10:42] [ordersCreate] Order already exists.
[2020-03-15 15:10:45] [ordersCreate] Order already exists.
[2020-03-15 15:10:48] [ordersCreate] Order already exists.
[2020-03-15 15:10:50] [ordersCreate] Order already exists.
[2020-03-15 15:11:04] [ordersCreate] Order already exists.
[2020-03-15 15:11:08] [ordersCreate] Order already exists.
[2020-03-15 15:11:10] [ordersCreate] Order already exists.
[2020-03-15 15:11:23] [ordersCreate] Order already exists.
[2020-03-15 15:13:44] [ordersCreate] Order already exists.
[2020-03-15 15:15:05] [ordersCreate] Order already exists.
[2020-03-15 15:15:06] [ordersCreate] Order already exists.
[2020-03-15 15:31:03] [ordersCreate] Order already exists.
[2020-03-15 15:31:05] [ordersCreate] Order already exists.
[2020-03-15 15:31:08] [ordersCreate] Order already exists.
[2020-03-15 15:50:37] [ordersCreate] Order is not loaded
[2020-03-15 15:50:37] Invalid e-mail format
[2020-03-15 15:50:39] [ordersCreate] Order is not loaded
[2020-03-15 15:50:39] Invalid e-mail format
[2020-03-15 15:50:45] [ordersEdit] Not found
[2020-03-15 15:52:57] [ordersCreate] Order is not loaded
[2020-03-15 15:52:57] Invalid e-mail format
[2020-03-15 15:52:59] [ordersEdit] Not found
[2020-03-15 15:54:33] [ordersCreate] Order already exists.
[2020-03-15 17:02:28] [ordersCreate] Order already exists.
[2020-03-15 17:02:31] [ordersCreate] Order already exists.
[2020-03-15 17:02:46] [ordersCreate] Order already exists.
[2020-03-15 17:35:33] [ordersCreate] Order already exists.
[2020-03-15 17:35:37] [ordersCreate] Order already exists.
[2020-03-15 18:05:59] [ordersCreate] Order already exists.
[2020-03-15 18:14:23] [ordersCreate] Order already exists.
[2020-03-15 18:18:34] [ordersCreate] Order already exists.
[2020-03-15 18:18:39] [ordersCreate] Order already exists.
[2020-03-15 18:18:42] [ordersCreate] Order already exists.
[2020-03-15 18:18:44] [ordersCreate] Order already exists.
[2020-03-15 18:18:45] [ordersCreate] Order already exists.
[2020-03-15 18:53:44] [ordersCreate] Order already exists.
[2020-03-15 18:53:53] [ordersCreate] Order already exists.
[2020-03-15 18:53:54] [ordersCreate] Order already exists.
[2020-03-15 19:01:02] [ordersCreate] Order already exists.
[2020-03-15 19:01:04] [ordersCreate] Order already exists.
[2020-03-15 19:01:06] [ordersCreate] Order already exists.
[2020-03-15 19:06:28] [ordersCreate] Order already exists.
[2020-03-15 19:08:53] [ordersCreate] Order already exists.
[2020-03-15 19:13:14] [ordersCreate] Order already exists.
[2020-03-15 19:15:20] [ordersCreate] Order already exists.
[2020-03-15 19:34:48] [ordersCreate] Order already exists.
[2020-03-15 19:48:58] [ordersCreate] Order already exists.
[2020-03-15 19:54:29] [ordersCreate] Order already exists.
[2020-03-15 19:54:31] [ordersCreate] Order already exists.
[2020-03-15 20:00:51] [ordersCreate] Order already exists.
[2020-03-15 20:53:00] [ordersCreate] Order already exists.
[2020-03-15 21:03:19] [ordersCreate] Order already exists.
[2020-03-15 21:05:44] [ordersCreate] Order already exists.
[2020-03-15 21:05:53] [ordersCreate] Order already exists.
[2020-03-15 21:06:02] [ordersCreate] Order already exists.
[2020-03-15 21:06:06] [ordersCreate] Order already exists.
[2020-03-15 21:06:15] [ordersCreate] Order already exists.
[2020-03-15 21:09:16] [ordersCreate] Order already exists.
[2020-03-15 21:14:37] [ordersCreate] Order already exists.
[2020-03-15 21:14:41] [ordersCreate] Order already exists.
[2020-03-15 21:14:46] [ordersCreate] Order already exists.
[2020-03-15 21:14:48] [ordersCreate] Order already exists.
[2020-03-15 21:14:51] [ordersCreate] Order already exists.
[2020-03-15 21:17:32] [ordersCreate] Order already exists.
[2020-03-15 21:17:37] [ordersCreate] Order already exists.
[2020-03-15 21:22:41] [ordersCreate] Order already exists.
[2020-03-15 21:22:48] [ordersCreate] Order already exists.
[2020-03-15 21:22:51] [ordersCreate] Order already exists.
[2020-03-15 21:22:53] [ordersCreate] Order already exists.
[2020-03-15 21:22:55] [ordersCreate] Order already exists.
[2020-03-15 21:22:57] [ordersCreate] Order already exists.
[2020-03-15 21:23:00] [ordersCreate] Order already exists.
[2020-03-15 21:23:02] [ordersCreate] Order already exists.
[2020-03-15 21:23:04] [ordersCreate] Order already exists.
[2020-03-15 21:23:06] [ordersCreate] Order already exists.
[2020-03-15 21:23:09] [ordersCreate] Order already exists.
[2020-03-15 21:23:12] [ordersCreate] Order already exists.
[2020-03-15 21:23:14] [ordersCreate] Order already exists.
[2020-03-15 21:23:16] [ordersCreate] Order already exists.
[2020-03-15 21:23:17] [ordersCreate] Order already exists.
[2020-03-15 21:26:02] [ordersCreate] Order already exists.
[2020-03-16 10:24:51] [ordersCreate] Order already exists.
[2020-03-16 10:26:20] [ordersCreate] Order already exists.
[2020-03-24 16:08:47] [ordersCreate] Order already exists.
[2020-05-02 20:52:14] [customersList] Failed to connect to knushop.retailcrm.ru port 443: Connection refused
[2020-05-02 20:54:53] [customersList] Failed to connect to knushop.retailcrm.ru port 443: Connection refused
[2020-05-03 11:06:14] [customersList] Failed to connect to knushop.retailcrm.ru port 443: Connection refused
[2020-05-03 11:07:27] [customersList] Failed to connect to knushop.retailcrm.ru port 443: Connection refused
[2020-05-03 23:27:51] [customersList] Failed to connect to knushop.retailcrm.ru port 443: Connection refused
[2020-05-03 23:34:28] [customersList] Failed to connect to knushop.retailcrm.ru port 443: Connection refused
[2020-05-03 23:34:59] [customersList] Failed to connect to knushop.retailcrm.ru port 443: Connection refused
[2020-05-04 11:50:46] [customersList] Failed to connect to knushop.retailcrm.ru port 443: Connection refused
[2020-05-04 12:00:48] [customersList] Failed to connect to knushop.retailcrm.ru port 443: Connection refused
[2020-05-04 12:01:59] [customersList] Failed to connect to knushop.retailcrm.ru port 443: Connection refused
[2020-05-04 12:03:19] [deliveryTypesList] Failed to connect to knushop.retailcrm.ru port 443: Connection refused
[2020-05-04 12:09:18] [customersList] Failed to connect to knushop.retailcrm.ru port 443: Connection refused
[2020-05-04 12:09:38] [customersList] Failed to connect to knushop.retailcrm.ru port 443: Connection refused
[2020-05-04 12:31:55] [deliveryTypesList] Failed to connect to knushop.retailcrm.ru port 443: Connection refused
[2020-05-06 22:01:34] [apiVersions] Failed to connect to knushop.retailcrm.ru port 443: Connection refused
[2020-05-06 22:02:06] [apiVersions] Failed to connect to knushop.retailcrm.ru port 443: Connection refused
[2020-05-06 22:02:44] [apiVersions] Failed to connect to knushop.retailcrm.ru port 443: Connection refused
[2020-05-06 22:24:10] [apiVersions] Failed to connect to knushop.retailcrm.ru port 443: Connection refused
[2020-05-06 22:24:28] [apiVersions] Failed to connect to knushop.retailcrm.ru port 443: Connection refused
[2020-05-06 22:24:43] [apiVersions] Failed to connect to knushop.retailcrm.ru port 443: Connection refused
[2020-05-06 22:27:47] [apiVersions] Failed to connect to knushop.retailcrm.ru port 443: Connection refused
[2020-05-07 19:20:59] [apiVersions] Failed to connect to knushop.retailcrm.ru port 443: Connection refused
[2020-05-07 19:21:41] [apiVersions] Failed to connect to knushop.retailcrm.ru port 443: Connection refused
[2020-05-08 23:16:41] [apiVersions] Failed to connect to knushop.retailcrm.ru port 443: Connection refused
[2020-05-08 23:20:24] [apiVersions] Failed to connect to knushop.retailcrm.ru port 443: Connection refused
[2020-05-08 23:22:47] [apiVersions] Failed to connect to knushop.retailcrm.ru port 443: Connection refused
[2020-05-18 10:09:30] [ordersCreate] Order is not loaded
[2020-05-18 10:09:30] "Status" with "code"="-- Выберите --" does not exist.
[2020-05-18 10:09:32] [ordersEdit] Not found
[2020-06-01 11:45:11] [ordersCreate] Order already exists.
[2020-06-10 22:19:27] [ordersCreate] Order already exists.
[2020-08-22 14:00:45] [ordersCreate] Order already exists.
[2020-08-22 14:00:53] [ordersCreate] Order already exists.
[2020-10-18 10:52:13] [ordersCreate] Order already exists.
[2020-11-13 13:14:13] [customersList] Failed to connect to knushop.retailcrm.ru port 443: Connection refused
[2020-11-13 13:14:57] [customersList] Failed to connect to knushop.retailcrm.ru port 443: Connection refused
[2020-11-13 13:15:22] [customersList] Failed to connect to knushop.retailcrm.ru port 443: Connection refused
[2020-11-13 13:24:53] [customersList] Failed to connect to knushop.retailcrm.ru port 443: Connection refused
[2020-11-13 13:25:46] [deliveryTypesList] Failed to connect to knushop.retailcrm.ru port 443: Connection refused
[2020-11-13 13:26:04] [integrationModulesEdit] Failed to connect to knushop.retailcrm.ru port 443: Connection refused
[2020-11-22 11:33:23] [ordersCreate] Order already exists.
[2020-11-25 14:21:33] [ordersCreate] Order already exists.
[2020-11-25 14:21:35] [ordersCreate] Order already exists.
[2020-11-25 14:21:37] [ordersCreate] Order already exists.
[2020-11-25 14:22:29] [ordersCreate] Order already exists.
[2020-12-02 10:09:10] [ordersCreate] Order already exists.
[2020-12-02 10:19:36] [ordersCreate] Order already exists.
[2020-12-02 16:37:16] [ordersCreate] Order already exists.
[2020-12-02 16:38:57] [ordersCreate] Order already exists.
[2020-12-02 16:39:00] [ordersCreate] Order already exists.
[2020-12-02 22:10:41] [ordersCreate] Order already exists.
[2020-12-02 23:43:46] [ordersCreate] Order already exists.
[2020-12-02 23:43:48] [ordersCreate] Order already exists.
[2020-12-02 23:43:50] [ordersCreate] Order already exists.
[2020-12-03 14:17:25] [ordersCreate] Order already exists.
[2020-12-03 14:18:55] [ordersCreate] Order already exists.
[2020-12-03 14:19:43] [ordersCreate] Order already exists.
[2020-12-03 14:19:49] [ordersCreate] Order already exists.
[2020-12-03 14:19:52] [ordersCreate] Order already exists.
[2020-12-03 14:20:13] [ordersCreate] Order already exists.
[2020-12-03 14:20:28] [ordersCreate] Order already exists.
[2020-12-03 14:23:19] [ordersCreate] Order already exists.
[2020-12-03 14:24:45] [ordersCreate] Order already exists.
[2020-12-03 14:24:53] [ordersCreate] Order already exists.
[2020-12-03 14:24:55] [ordersCreate] Order already exists.
[2020-12-03 14:26:01] [ordersCreate] Order already exists.
[2020-12-03 14:26:03] [ordersCreate] Order already exists.
[2020-12-03 14:31:44] [ordersCreate] Order already exists.
[2020-12-03 14:32:38] [ordersCreate] Order already exists.
[2020-12-03 14:34:34] [ordersCreate] Order already exists.
[2020-12-03 17:46:21] [ordersCreate] Order already exists.
[2020-12-03 17:49:26] [ordersCreate] Order already exists.
[2020-12-06 20:00:03] [ordersCreate] Order already exists.
[2020-12-06 20:00:15] [ordersCreate] Order already exists.
[2020-12-06 20:14:18] [ordersCreate] Order already exists.
[2020-12-07 10:38:37] [ordersCreate] Order already exists.
[2020-12-07 10:38:42] [ordersCreate] Order already exists.
[2020-12-07 10:38:44] [ordersCreate] Order already exists.
[2020-12-07 10:39:32] [ordersCreate] Order already exists.
[2020-12-07 10:42:06] [ordersCreate] Order already exists.
[2020-12-07 10:43:21] [ordersCreate] Order already exists.
[2020-12-07 10:43:32] [ordersCreate] Order already exists.
[2020-12-07 10:43:57] [ordersCreate] Order already exists.
[2020-12-07 10:48:01] [ordersCreate] Order already exists.
[2020-12-07 10:48:34] [ordersCreate] Order already exists.
[2020-12-07 10:49:17] [ordersCreate] Order already exists.
[2020-12-07 10:51:01] [ordersCreate] Order already exists.
[2020-12-07 10:51:41] [ordersCreate] Order already exists.
[2020-12-07 10:52:36] [ordersCreate] Order already exists.
[2020-12-07 10:52:52] [ordersCreate] Order already exists.
[2020-12-07 10:53:42] [ordersCreate] Order already exists.
[2020-12-07 10:53:56] [ordersCreate] Order already exists.
[2020-12-07 10:54:39] [ordersCreate] Order already exists.
[2020-12-07 10:55:40] [ordersCreate] Order already exists.
[2020-12-07 10:55:51] [ordersCreate] Order already exists.
[2020-12-07 10:56:26] [ordersCreate] Order already exists.
[2020-12-07 10:56:47] [ordersCreate] Order already exists.
[2020-12-07 11:23:23] [ordersCreate] Order already exists.
[2020-12-07 11:24:16] [ordersCreate] Order already exists.
[2020-12-07 11:24:53] [ordersCreate] Order already exists.
[2020-12-07 11:25:16] [ordersCreate] Order already exists.
[2020-12-07 11:35:39] [ordersCreate] Order already exists.
[2020-12-07 11:35:41] [ordersCreate] Order already exists.
[2020-12-07 11:37:21] [ordersCreate] Order already exists.
[2020-12-07 11:37:50] [ordersCreate] Order already exists.
[2020-12-07 11:38:31] [ordersCreate] Order already exists.
[2020-12-07 11:38:35] [ordersCreate] Order already exists.
[2020-12-07 11:48:28] [ordersCreate] Order already exists.
[2020-12-07 11:49:18] [ordersCreate] Order already exists.
[2020-12-07 11:49:23] [ordersCreate] Order already exists.
[2020-12-07 11:50:12] [ordersCreate] Order already exists.
[2020-12-07 11:51:48] [ordersCreate] Order already exists.
[2020-12-07 11:52:17] [ordersCreate] Order already exists.
[2020-12-07 12:39:08] [ordersCreate] Order already exists.
[2020-12-07 12:39:39] [ordersCreate] Order already exists.
[2020-12-07 16:42:30] [ordersCreate] Order already exists.
[2020-12-07 16:43:18] [ordersCreate] Order already exists.
[2020-12-07 16:43:45] [ordersCreate] Order already exists.
[2020-12-07 16:45:39] [ordersCreate] Order already exists.
[2020-12-07 16:46:20] [ordersCreate] Order already exists.
[2020-12-07 16:47:05] [ordersCreate] Order already exists.
[2020-12-07 16:47:28] [ordersCreate] Order already exists.
[2020-12-07 16:47:47] [ordersCreate] Order already exists.
[2020-12-07 16:54:35] [ordersCreate] Order already exists.
[2020-12-07 16:54:36] [ordersCreate] Order already exists.
[2020-12-07 16:55:05] [ordersCreate] Order already exists.
[2020-12-07 16:55:14] [ordersCreate] Order already exists.
[2020-12-07 16:58:00] [ordersCreate] Order already exists.
[2020-12-07 16:58:29] [ordersCreate] Order already exists.
[2020-12-07 16:58:55] [ordersCreate] Order already exists.
[2020-12-07 17:00:22] [ordersCreate] Order already exists.
[2020-12-07 17:01:14] [ordersCreate] Order already exists.
[2020-12-07 17:12:42] [ordersCreate] Order already exists.
[2020-12-07 17:15:34] [ordersCreate] Order already exists.
[2020-12-07 17:21:32] [ordersCreate] Order already exists.
[2020-12-07 17:24:14] [ordersCreate] Order already exists.
[2020-12-07 17:27:03] [ordersCreate] Order already exists.
[2020-12-07 17:27:47] [ordersCreate] Order already exists.
[2020-12-07 20:13:09] [ordersCreate] Order already exists.
[2020-12-07 20:13:22] [ordersCreate] Order already exists.
[2020-12-07 20:15:25] [ordersCreate] Order already exists.
[2020-12-07 20:17:51] [ordersCreate] Order already exists.
[2020-12-07 20:17:58] [ordersCreate] Order already exists.
[2020-12-07 20:33:34] [ordersCreate] Order already exists.
[2020-12-07 20:33:37] [ordersCreate] Order already exists.
[2020-12-07 20:33:39] [ordersCreate] Order already exists.
[2020-12-07 20:33:40] [ordersCreate] Order already exists.
[2020-12-07 20:33:42] [ordersCreate] Order already exists.
[2020-12-07 20:33:59] [ordersCreate] Order already exists.
[2020-12-07 20:37:58] [ordersCreate] Order already exists.
[2020-12-08 23:58:57] [ordersCreate] Order already exists.
[2020-12-10 11:53:12] [ordersCreate] Order already exists.
[2020-12-10 19:11:07] [ordersCreate] Order already exists.
[2020-12-10 20:15:18] [ordersCreate] Order already exists.
[2020-12-10 20:16:37] [ordersCreate] Order already exists.
[2020-12-11 13:09:00] [ordersCreate] Order already exists.
[2020-12-11 13:09:49] [ordersCreate] Order already exists.
[2020-12-13 13:14:15] [ordersCreate] Order already exists.
[2020-12-13 13:14:17] [ordersCreate] Order already exists.
[2020-12-13 13:14:20] [ordersCreate] Order already exists.
[2020-12-13 15:53:50] [ordersCreate] Order already exists.
[2020-12-13 21:04:50] [ordersCreate] Order already exists.
[2020-12-16 08:38:33] [ordersCreate] Order already exists.
[2020-12-16 12:12:22] [ordersCreate] Order already exists.
[2020-12-16 12:12:48] [ordersCreate] Order already exists.
[2020-12-16 12:17:43] [ordersCreate] Order already exists.
[2020-12-16 16:09:23] [ordersCreate] Order already exists.
[2020-12-16 16:09:45] [ordersCreate] Order already exists.
[2020-12-17 12:49:38] [ordersCreate] Order already exists.
[2020-12-18 23:45:05] [ordersCreate] Order already exists.
[2020-12-19 09:49:31] [ordersCreate] Order already exists.
[2020-12-20 11:47:20] [ordersCreate] Order already exists.
[2020-12-22 13:31:41] [ordersCreate] Order already exists.
[2020-12-22 22:00:35] [ordersCreate] Order already exists.
[2020-12-24 14:25:23] [ordersCreate] Order already exists.
[2020-12-24 19:39:50] [ordersCreate] Order already exists.
[2020-12-24 19:39:51] [ordersCreate] Order already exists.
[2020-12-25 12:09:22] [ordersCreate] Order already exists.
[2020-12-26 12:27:21] [ordersCreate] Order already exists.
[2020-12-26 12:27:22] [ordersCreate] Order already exists.
[2020-12-26 12:27:27] [ordersCreate] Order already exists.
[2020-12-26 12:27:28] [ordersCreate] Order already exists.
[2020-12-26 12:28:42] [ordersCreate] Order already exists.
[2020-12-26 14:27:31] [ordersCreate] Order already exists.
[2020-12-26 14:28:52] [ordersCreate] Order already exists.
[2020-12-26 14:29:25] [ordersCreate] Order already exists.
[2020-12-26 14:29:30] [ordersCreate] Order already exists.
[2020-12-26 14:31:26] [ordersCreate] Order already exists.
[2020-12-26 14:32:12] [ordersCreate] Order already exists.
[2020-12-26 14:32:14] [ordersCreate] Order already exists.
[2020-12-26 14:32:19] [ordersCreate] Order already exists.
[2020-12-26 14:33:28] [ordersCreate] Order already exists.
[2020-12-26 14:33:47] [ordersCreate] Order already exists.
[2020-12-26 14:38:08] [ordersCreate] Order already exists.
[2020-12-26 14:39:44] [ordersCreate] Order already exists.
[2020-12-26 14:40:48] [ordersCreate] Order already exists.
[2020-12-26 14:41:02] [ordersCreate] Order already exists.
[2020-12-26 14:41:11] [ordersCreate] Order already exists.
[2020-12-26 14:41:40] [ordersCreate] Order already exists.
[2020-12-26 14:43:41] [ordersCreate] Order already exists.
[2020-12-26 14:44:07] [ordersCreate] Order already exists.
[2020-12-26 14:44:32] [ordersCreate] Order already exists.
[2020-12-26 14:45:40] [ordersCreate] Order already exists.
[2020-12-26 14:46:05] [ordersCreate] Order already exists.
[2020-12-26 14:46:50] [ordersCreate] Order already exists.
[2020-12-26 14:47:00] [ordersCreate] Order already exists.
[2020-12-26 14:47:27] [ordersCreate] Order already exists.
[2020-12-26 14:47:48] [ordersCreate] Order already exists.
[2020-12-26 14:47:50] [ordersCreate] Order already exists.
[2020-12-26 15:09:02] [ordersCreate] Order already exists.
[2020-12-26 15:09:10] [ordersCreate] Order already exists.
[2020-12-26 15:09:18] [ordersCreate] Order already exists.
[2020-12-26 15:10:38] [ordersCreate] Order already exists.
[2020-12-26 15:10:42] [ordersCreate] Order already exists.
[2020-12-26 15:10:51] [ordersCreate] Order already exists.
[2020-12-26 15:10:53] [ordersCreate] Order already exists.
[2020-12-26 15:10:57] [ordersCreate] Order already exists.
[2020-12-26 15:11:06] [ordersCreate] Order already exists.
[2020-12-26 15:11:08] [ordersCreate] Order already exists.
[2020-12-26 15:19:11] [ordersCreate] Order already exists.
[2020-12-26 15:27:32] [ordersCreate] Order already exists.
[2020-12-26 15:27:36] [ordersCreate] Order already exists.
[2020-12-26 15:27:39] [ordersCreate] Order already exists.
[2020-12-26 15:27:42] [ordersCreate] Order already exists.
[2020-12-26 15:27:44] [ordersCreate] Order already exists.
[2020-12-26 15:28:00] [ordersCreate] Order already exists.
[2020-12-26 15:28:08] [ordersCreate] Order already exists.
[2020-12-26 15:28:15] [ordersCreate] Order already exists.
[2020-12-26 15:28:29] [ordersCreate] Order already exists.
[2020-12-26 20:19:13] [ordersCreate] Order already exists.
[2020-12-27 08:34:08] [ordersCreate] Order already exists.
[2020-12-27 15:06:41] [ordersCreate] Order already exists.
[2020-12-27 15:06:58] [ordersCreate] Order already exists.
[2020-12-30 00:25:20] [ordersCreate] Order already exists.
[2020-12-30 00:26:32] [ordersCreate] Order already exists.
[2020-12-30 00:33:35] [ordersCreate] Order already exists.
[2020-12-30 13:46:31] [ordersCreate] Order already exists.
[2020-12-30 21:19:03] [ordersCreate] Order already exists.
[2020-12-30 21:19:04] [ordersCreate] Order already exists.
[2021-01-04 15:25:22] [ordersCreate] Order already exists.
[2021-01-05 18:42:57] [ordersCreate] Order already exists.
[2021-01-05 18:42:59] [ordersCreate] Order already exists.
[2021-01-05 18:43:06] [ordersCreate] Order already exists.
[2021-01-05 19:02:59] [ordersCreate] Order already exists.
[2021-01-05 19:04:47] [ordersCreate] Order already exists.
[2021-01-05 19:05:06] [ordersCreate] Order already exists.
[2021-01-07 12:57:59] [ordersCreate] Order already exists.
[2021-01-09 17:08:41] [ordersCreate] Order already exists.
[2021-01-09 17:10:24] [ordersCreate] Order already exists.
[2021-01-11 10:17:54] [ordersCreate] Order already exists.
[2021-01-11 10:18:07] [ordersCreate] Order already exists.
[2021-01-11 10:18:16] [ordersCreate] Order already exists.
[2021-01-11 10:18:35] [ordersCreate] Order already exists.
[2021-01-11 13:08:38] [ordersCreate] Order already exists.
[2021-01-11 23:56:46] [ordersCreate] Order already exists.
[2021-01-11 23:57:01] [ordersCreate] Order already exists.
[2021-01-11 23:58:23] [ordersCreate] Order already exists.
[2021-01-11 23:58:26] [ordersCreate] Order already exists.
[2021-01-12 10:23:13] [ordersCreate] Order already exists.
[2021-01-12 10:23:20] [ordersCreate] Order already exists.
[2021-01-12 10:23:44] [ordersCreate] Order already exists.
[2021-01-15 18:05:14] [ordersCreate] Order already exists.
[2021-01-17 14:17:31] [ordersCreate] Order already exists.
[2021-01-22 10:05:15] [ordersCreate] Order already exists.
[2021-01-24 10:52:14] [ordersCreate] Order already exists.
[2021-01-24 10:52:23] [ordersCreate] Order already exists.
[2021-01-24 10:52:40] [ordersCreate] Order already exists.
[2021-01-27 22:28:57] [ordersCreate] Order already exists.
[2021-01-27 22:29:16] [ordersCreate] Order already exists.
[2021-02-04 23:31:45] [ordersCreate] Order already exists.
[2021-02-04 23:31:51] [ordersCreate] Order already exists.
[2021-02-05 21:57:03] [ordersCreate] Order already exists.
[2021-02-05 21:57:19] [ordersCreate] Order already exists.
[2021-02-08 00:35:42] [ordersCreate] Order already exists.
[2021-02-08 09:06:34] [ordersCreate] Order already exists.
[2021-02-10 13:03:46] [ordersCreate] Order already exists.
[2021-02-10 13:04:07] [ordersCreate] Order already exists.
[2021-02-10 13:04:31] [ordersCreate] Order already exists.
[2021-02-10 13:04:33] [ordersCreate] Order already exists.
[2021-02-10 13:04:37] [ordersCreate] Order already exists.
[2021-02-11 11:52:48] [ordersCreate] Order already exists.
[2021-02-15 12:15:28] [ordersCreate] Order already exists.
[2021-02-15 12:15:36] [ordersCreate] Order already exists.
[2021-02-15 18:09:38] [ordersCreate] Order already exists.
[2021-02-15 20:30:18] [ordersCreate] Order already exists.
[2021-02-15 20:31:05] [ordersCreate] Order already exists.
[2021-02-15 20:33:10] [ordersCreate] Order already exists.
[2021-02-15 20:34:48] [ordersCreate] Order already exists.
[2021-02-15 20:36:36] [ordersCreate] Order already exists.
[2021-02-15 20:37:01] [ordersCreate] Order already exists.
[2021-02-15 20:37:04] [ordersCreate] Order already exists.
[2021-02-15 20:37:06] [ordersCreate] Order already exists.
[2021-02-15 20:37:09] [ordersCreate] Order already exists.
[2021-02-15 20:37:16] [ordersCreate] Order already exists.
[2021-02-15 20:37:28] [ordersCreate] Order already exists.
[2021-02-15 20:48:59] [ordersCreate] Order already exists.
[2021-02-15 20:49:01] [ordersCreate] Order already exists.
[2021-02-15 20:53:27] [ordersCreate] Order already exists.
[2021-02-16 14:00:25] [ordersCreate] Order already exists.
[2021-02-16 15:52:02] [ordersCreate] Order already exists.
[2021-02-16 16:06:39] [ordersCreate] Order already exists.
[2021-02-16 16:06:40] [ordersCreate] Order already exists.
[2021-02-16 16:06:42] [ordersCreate] Order already exists.
[2021-02-16 16:06:43] [ordersCreate] Order already exists.
[2021-02-16 16:06:54] [ordersCreate] Order already exists.
[2021-02-16 18:13:40] [ordersCreate] Order already exists.
[2021-02-16 18:13:46] [ordersCreate] Order already exists.
[2021-02-21 12:05:56] [ordersCreate] Order already exists.
[2021-02-21 12:06:01] [ordersCreate] Order already exists.
[2021-02-22 13:29:11] [ordersCreate] Order already exists.
[2021-02-25 16:00:06] [ordersCreate] Order already exists.
[2021-03-01 09:47:26] [ordersCreate] Order already exists.
[2021-03-01 09:47:39] [ordersCreate] Order already exists.
[2021-03-04 16:23:29] [ordersCreate] Order already exists.
[2021-03-04 16:23:36] [ordersCreate] Order already exists.
[2021-03-09 20:37:12] [ordersCreate] Order already exists.
[2021-03-09 20:37:25] [ordersCreate] Order already exists.
[2021-03-16 12:16:45] [ordersCreate] Order already exists.
[2021-03-16 12:16:51] [ordersCreate] Order already exists.
[2021-03-16 12:16:55] [ordersCreate] Order already exists.
[2021-03-16 14:48:51] [ordersCreate] Order already exists.
[2021-03-16 22:55:29] [ordersCreate] Order already exists.
[2021-03-16 22:55:34] [ordersCreate] Order already exists.
[2021-03-16 22:55:39] [ordersCreate] Order already exists.
[2021-03-16 23:02:42] [ordersCreate] Order already exists.
[2021-03-16 23:02:47] [ordersCreate] Order already exists.
[2021-03-16 23:02:55] [ordersCreate] Order already exists.
[2021-03-16 23:03:04] [ordersCreate] Order already exists.
[2021-03-17 10:22:53] [ordersCreate] Order already exists.
[2021-03-17 10:30:22] [ordersCreate] Order already exists.
[2021-03-17 10:31:00] [ordersCreate] Order already exists.
[2021-03-17 10:31:05] [ordersCreate] Order already exists.
[2021-03-17 10:31:24] [ordersCreate] Order already exists.
[2021-03-17 10:55:18] [ordersCreate] Order already exists.
[2021-03-17 10:55:23] [ordersCreate] Order already exists.
[2021-03-18 21:14:08] [ordersCreate] Order already exists.
[2021-03-19 16:57:39] [ordersCreate] Order already exists.
[2021-03-19 16:57:54] [ordersCreate] Order already exists.
[2021-03-19 17:04:56] [ordersCreate] Order already exists.
[2021-03-20 22:44:46] [ordersCreate] Order already exists.
[2021-03-22 23:22:18] [ordersCreate] Order already exists.
[2021-03-23 12:27:11] [ordersCreate] Order already exists.
[2021-03-27 12:26:32] [ordersCreate] Order already exists.
[2021-03-27 12:27:01] [ordersCreate] Order already exists.
[2021-03-28 23:08:00] [ordersCreate] Order already exists.
[2021-03-28 23:08:08] [ordersCreate] Order already exists.
[2021-03-28 23:08:49] [ordersCreate] Order already exists.
[2021-03-30 16:35:07] [ordersCreate] Order already exists.
[2021-03-30 18:10:32] [ordersCreate] Order already exists.
[2021-03-30 18:11:20] [ordersCreate] Order already exists.
[2021-03-30 22:08:20] [ordersCreate] Order already exists.
[2021-04-01 13:46:01] [ordersCreate] Order already exists.
[2021-04-01 13:46:05] [ordersCreate] Order already exists.
[2021-04-01 21:08:47] [ordersCreate] Order already exists.
[2021-04-01 21:09:04] [ordersCreate] Order already exists.
[2021-04-01 21:09:07] [ordersCreate] Order already exists.
[2021-04-01 21:09:10] [ordersCreate] Order already exists.
[2021-04-01 21:09:25] [ordersCreate] Order already exists.
[2021-04-02 14:23:11] [ordersCreate] Order already exists.
[2021-04-02 14:23:33] [ordersCreate] Order already exists.
[2021-04-02 15:38:15] [ordersCreate] Order already exists.
[2021-04-02 15:38:20] [ordersCreate] Order already exists.
[2021-04-03 16:41:00] [ordersCreate] Order already exists.
[2021-04-08 09:18:47] [ordersCreate] Order already exists.
[2021-04-10 10:56:15] [ordersCreate] Order already exists.
[2021-04-10 17:28:05] [ordersCreate] Order already exists.
[2021-04-10 17:28:29] [ordersCreate] Order already exists.
[2021-04-10 17:28:35] [ordersCreate] Order already exists.
[2021-04-11 12:23:41] [ordersCreate] Order already exists.
[2021-04-11 12:24:08] [ordersCreate] Order already exists.
[2021-04-12 15:54:08] [ordersCreate] Order already exists.
[2021-04-15 08:18:45] [ordersCreate] Order already exists.
[2021-04-17 15:18:45] [ordersCreate] Order already exists.
[2021-04-19 12:48:44] [ordersCreate] Order already exists.
[2021-04-19 12:48:50] [ordersCreate] Order already exists.
[2021-04-19 12:50:15] [ordersCreate] Order already exists.
[2021-04-19 12:50:29] [ordersCreate] Order already exists.
[2021-04-19 12:50:46] [ordersCreate] Order already exists.
[2021-04-19 12:55:20] [ordersCreate] Order already exists.
[2021-04-19 12:55:33] [ordersCreate] Order already exists.
[2021-04-21 14:34:03] [ordersCreate] Order already exists.
[2021-04-21 14:34:04] [ordersCreate] Order already exists.
[2021-04-22 14:28:45] [ordersCreate] Order already exists.
[2021-04-22 14:29:01] [ordersCreate] Order already exists.
[2021-04-22 15:17:12] [ordersCreate] Order already exists.
[2021-04-22 15:17:17] [ordersCreate] Order already exists.
[2021-04-23 12:14:03] [ordersCreate] Order already exists.
[2021-04-26 16:06:17] [ordersCreate] Order already exists.
[2021-04-26 16:08:16] [ordersCreate] Order already exists.
[2021-04-29 12:11:34] [ordersCreate] Order already exists.
[2021-04-29 22:26:14] [ordersCreate] Order already exists.
[2021-05-04 09:54:35] [ordersCreate] Order already exists.
[2021-05-04 09:54:38] [ordersCreate] Order already exists.
[2021-05-04 09:54:40] [ordersCreate] Order already exists.
[2021-05-04 19:16:11] [ordersCreate] Order already exists.
[2021-05-04 19:16:23] [ordersCreate] Order already exists.
[2021-05-04 19:16:37] [ordersCreate] Order already exists.
[2021-05-05 17:29:13] [ordersCreate] Order already exists.
[2021-05-05 17:29:22] [ordersCreate] Order already exists.
[2021-05-05 17:29:28] [ordersCreate] Order already exists.
[2021-05-11 12:35:17] [ordersCreate] Order already exists.
[2021-05-11 22:51:42] [ordersCreate] Order already exists.
[2021-05-13 10:44:23] [ordersCreate] Order already exists.
[2021-05-17 09:55:58] [ordersCreate] Order already exists.
[2021-05-18 19:30:14] [ordersCreate] Order already exists.
[2021-05-19 12:30:35] [ordersCreate] Order already exists.
[2021-05-21 23:47:13] [ordersCreate] Order already exists.
[2021-05-21 23:47:18] [ordersCreate] Order already exists.
[2021-05-25 19:25:41] [ordersCreate] Order already exists.
[2021-05-26 15:09:51] [ordersCreate] Order already exists.
[2021-05-26 18:48:46] [ordersCreate] Order already exists.
[2021-05-26 18:48:53] [ordersCreate] Order already exists.
[2021-05-27 11:16:44] [ordersCreate] Order already exists.
[2021-05-27 11:17:05] [ordersCreate] Order already exists.
[2021-05-27 14:00:19] [ordersCreate] Order already exists.
[2021-05-27 14:00:27] [ordersCreate] Order already exists.
[2021-05-27 14:58:17] [ordersCreate] Order already exists.
[2021-05-27 14:58:26] [ordersCreate] Order already exists.
[2021-05-27 14:58:34] [ordersCreate] Order already exists.
[2021-05-27 18:51:34] [ordersCreate] Order already exists.
[2021-05-27 18:52:08] [ordersCreate] Order already exists.
[2021-05-29 17:25:10] [ordersCreate] Order already exists.
[2021-05-29 17:25:40] [ordersCreate] Order already exists.
[2021-05-30 18:26:06] [ordersCreate] Order already exists.
[2021-06-02 13:45:51] [ordersCreate] Order already exists.
[2021-06-11 11:09:02] [ordersCreate] Order already exists.
[2021-06-11 11:09:07] [ordersCreate] Order already exists.
[2021-06-11 11:09:18] [ordersCreate] Order already exists.
[2021-06-15 19:42:53] [ordersCreate] Order already exists.
[2021-06-15 19:42:57] [ordersCreate] Order already exists.
[2021-06-15 19:42:58] [ordersCreate] Order already exists.
[2021-06-17 09:49:57] [ordersCreate] Order already exists.
[2021-06-17 09:50:05] [ordersCreate] Order already exists.
[2021-06-21 15:35:31] [ordersCreate] Order already exists.
[2021-06-22 18:48:20] [ordersCreate] Order already exists.
[2021-06-25 09:26:24] [ordersCreate] Order already exists.
[2021-06-25 14:31:21] [ordersCreate] Order already exists.
[2021-06-25 14:31:35] [ordersCreate] Order already exists.
[2021-06-25 14:31:37] [ordersCreate] Order already exists.
[2021-06-30 14:50:42] [ordersCreate] Order already exists.
[2021-06-30 14:50:44] [ordersCreate] Order already exists.
[2021-07-01 13:20:42] [ordersCreate] Order already exists.
[2021-07-02 11:11:34] [ordersCreate] Order already exists.
[2021-07-02 14:19:11] [ordersCreate] Order already exists.
[2021-07-02 14:20:52] [ordersCreate] Order already exists.
[2021-07-03 00:44:02] [ordersCreate] Order already exists.
[2021-07-03 00:44:09] [ordersCreate] Order already exists.
[2021-07-03 00:44:26] [ordersCreate] Order already exists.
[2021-07-03 00:44:36] [ordersCreate] Order already exists.
[2021-07-11 20:20:48] [ordersCreate] Order already exists.
[2021-07-16 23:55:45] [ordersCreate] Order already exists.
[2021-07-16 23:55:55] [ordersCreate] Order already exists.
[2021-07-17 09:33:58] [ordersCreate] Order already exists.
[2021-07-17 09:34:01] [ordersCreate] Order already exists.
[2021-07-29 00:09:24] [ordersCreate] Order already exists.
[2021-07-29 16:02:57] [ordersCreate] Order already exists.
[2021-07-31 23:36:43] [ordersCreate] Order already exists.
[2021-07-31 23:37:03] [ordersCreate] Order already exists.
[2021-08-04 22:38:17] [ordersCreate] Order already exists.
[2021-08-04 22:38:36] [ordersCreate] Order already exists.
[2021-08-05 17:07:10] [ordersCreate] Order already exists.
[2021-08-05 17:07:15] [ordersCreate] Order already exists.
[2021-08-09 02:38:38] [ordersCreate] Order already exists.
[2021-08-11 10:01:57] [ordersCreate] Order already exists.
[2021-08-11 10:03:01] [ordersCreate] Order already exists.
[2021-08-11 10:05:37] [ordersCreate] Order already exists.
[2021-08-13 03:37:16] [ordersCreate] Order already exists.
[2021-08-13 03:37:19] [ordersCreate] Order already exists.
[2021-08-13 03:37:27] [ordersCreate] Order already exists.
[2021-08-16 16:17:27] [ordersCreate] Order already exists.
[2021-08-17 15:30:27] [ordersCreate] Order already exists.
[2021-08-17 15:30:28] [ordersCreate] Order already exists.
[2021-08-17 15:30:32] [ordersCreate] Order already exists.
[2021-08-17 15:30:33] [ordersCreate] Order already exists.
[2021-08-17 15:31:02] [ordersCreate] Order already exists.
[2021-08-18 08:33:26] [ordersCreate] Order already exists.
[2021-08-18 08:34:05] [ordersCreate] Order already exists.
[2021-08-18 10:28:55] [ordersCreate] Order already exists.
[2021-08-18 10:29:07] [ordersCreate] Order already exists.
[2021-08-18 10:29:54] [ordersCreate] Order already exists.
[2021-08-20 12:11:06] [ordersCreate] Order already exists.
[2021-08-20 12:31:03] [ordersCreate] Order already exists.
[2021-08-20 12:31:09] [ordersCreate] Order already exists.
[2021-08-20 17:38:08] [ordersCreate] Order already exists.
[2021-08-20 17:38:12] [ordersCreate] Order already exists.
[2021-08-21 18:08:02] [ordersCreate] Order already exists.
[2021-08-26 08:48:07] [ordersCreate] Order already exists.
[2021-08-26 08:48:11] [ordersCreate] Order already exists.
[2021-08-26 11:32:00] [ordersCreate] Order already exists.
[2021-08-26 11:33:07] [ordersCreate] Order already exists.
[2021-08-27 17:26:04] [ordersCreate] Order already exists.
[2021-08-27 17:27:00] [ordersCreate] Order already exists.
[2021-08-27 17:27:43] [ordersCreate] Order already exists.
[2021-08-27 17:27:44] [ordersCreate] Order already exists.
[2021-08-28 17:00:51] [ordersCreate] Order already exists.
[2021-08-31 15:12:51] [ordersCreate] Order already exists.
[2021-09-01 12:25:23] [ordersCreate] Order already exists.
[2021-09-01 12:25:50] [ordersCreate] Order already exists.
[2021-09-01 12:26:06] [ordersCreate] Order already exists.
[2021-09-02 09:55:50] [ordersCreate] Order already exists.
[2021-09-02 09:55:59] [ordersCreate] Order already exists.
[2021-09-03 11:32:59] [ordersCreate] Order already exists.
[2021-09-03 11:34:36] [ordersCreate] Order already exists.
[2021-09-03 16:02:36] [ordersCreate] Order already exists.
[2021-09-06 16:02:21] [ordersCreate] Order already exists.
[2021-09-06 16:02:46] [ordersCreate] Order already exists.
[2021-09-06 16:02:56] [ordersCreate] Order already exists.
[2021-09-07 20:27:34] [ordersCreate] Order already exists.
[2021-09-07 20:27:44] [ordersCreate] Order already exists.
[2021-09-09 12:35:16] [ordersCreate] Order already exists.
[2021-09-09 14:10:33] [ordersCreate] Order already exists.
[2021-09-09 14:10:51] [ordersCreate] Order already exists.
[2021-09-09 14:10:59] [ordersCreate] Order already exists.
[2021-09-09 14:11:12] [ordersCreate] Order already exists.
[2021-09-10 14:36:46] [ordersCreate] Order already exists.
[2021-09-10 14:36:59] [ordersCreate] Order already exists.
[2021-09-10 14:37:05] [ordersCreate] Order already exists.
[2021-09-14 19:04:32] [ordersCreate] Order already exists.
[2021-09-17 13:09:42] [ordersCreate] Order already exists.
[2021-09-17 13:10:05] [ordersCreate] Order already exists.
[2021-09-18 11:17:54] [ordersCreate] Order already exists.
[2021-09-18 11:18:05] [ordersCreate] Order already exists.
[2021-09-18 11:18:11] [ordersCreate] Order already exists.
[2021-09-18 11:19:03] [ordersCreate] Order already exists.
[2021-09-20 10:50:30] [ordersCreate] Order already exists.
[2021-09-21 17:08:52] [ordersCreate] Order already exists.
[2021-09-21 17:08:55] [ordersCreate] Order already exists.
[2021-09-22 10:48:07] [ordersCreate] Order already exists.
[2021-09-22 12:29:15] [ordersCreate] Order already exists.
[2021-09-22 12:29:20] [ordersCreate] Order already exists.
[2021-09-29 20:03:28] [ordersCreate] Order already exists.
[2021-09-30 13:40:26] [ordersCreate] Order already exists.
[2021-09-30 13:40:30] [ordersCreate] Order already exists.
[2021-09-30 13:40:31] [ordersCreate] Order already exists.
[2021-09-30 17:40:34] [ordersCreate] Order already exists.
[2021-09-30 17:41:38] [ordersCreate] Order already exists.
[2021-09-30 17:42:12] [ordersCreate] Order already exists.
[2021-10-03 23:36:23] [ordersCreate] Order already exists.
[2021-10-03 23:36:35] [ordersCreate] Order already exists.
[2021-10-03 23:36:47] [ordersCreate] Order already exists.
[2021-10-04 14:26:23] [ordersCreate] Order already exists.
[2021-10-05 15:24:45] [ordersCreate] Order already exists.
[2021-10-05 15:24:54] [ordersCreate] Order already exists.
[2021-10-05 15:24:57] [ordersCreate] Order already exists.
[2021-10-05 15:25:05] [ordersCreate] Order already exists.
[2021-10-05 15:30:45] [ordersCreate] Order already exists.
[2021-10-06 12:58:43] [ordersCreate] Order already exists.
[2021-10-06 17:56:54] [ordersCreate] Order already exists.
[2021-10-12 15:45:59] [ordersCreate] Order already exists.
[2021-10-13 10:05:42] [ordersCreate] Order already exists.
[2021-10-18 13:18:14] [ordersCreate] Order already exists.
[2021-10-19 11:57:15] [ordersCreate] Order already exists.
[2021-10-20 08:49:37] [ordersCreate] Order already exists.
[2021-10-20 22:08:48] [ordersCreate] Order already exists.
[2021-10-21 15:58:59] [ordersCreate] Order already exists.
[2021-10-21 15:59:14] [ordersCreate] Order already exists.
[2021-10-21 21:12:51] [ordersCreate] Order already exists.
[2021-10-22 15:39:28] [ordersCreate] Order already exists.
[2021-11-01 19:25:39] [ordersCreate] Order already exists.
[2021-11-01 19:40:22] [ordersCreate] Order already exists.
[2021-11-02 11:49:35] [ordersCreate] Order already exists.
[2021-11-04 15:38:38] [ordersCreate] Order already exists.
[2021-11-04 17:09:39] [ordersCreate] Order already exists.
[2021-11-08 10:11:57] [ordersCreate] Order already exists.
[2021-11-10 22:54:11] [ordersCreate] Order already exists.
[2021-11-10 22:54:15] [ordersCreate] Order already exists.
[2021-11-11 09:42:02] [ordersCreate] Order already exists.
[2021-11-11 13:07:53] [ordersCreate] Order already exists.
[2021-11-12 12:09:31] [ordersCreate] Order already exists.
[2021-11-12 12:09:40] [ordersCreate] Order already exists.
[2021-11-15 16:06:40] [ordersCreate] Order already exists.
[2021-11-15 16:06:49] [ordersCreate] Order already exists.
[2021-11-16 21:44:09] [ordersCreate] Order already exists.
[2021-11-17 10:24:50] [ordersCreate] Order already exists.
[2021-11-23 00:56:48] [ordersCreate] Order already exists.
[2021-11-23 00:57:57] [ordersCreate] Order already exists.
[2021-11-24 16:55:43] [ordersCreate] Order already exists.
[2021-11-27 22:42:49] [ordersCreate] Order already exists.
[2021-12-03 23:14:52] [ordersCreate] Order already exists.
[2021-12-03 23:14:55] [ordersCreate] Order already exists.
[2021-12-03 23:15:00] [ordersCreate] Order already exists.
[2021-12-04 18:39:47] [ordersCreate] Order already exists.
[2021-12-14 10:10:06] [ordersCreate] Order already exists.
[2021-12-14 17:30:04] [ordersCreate] Order already exists.
[2021-12-14 17:36:45] [ordersCreate] Order already exists.
[2021-12-14 17:38:22] [ordersCreate] Order already exists.
[2021-12-14 17:38:51] [ordersCreate] Order already exists.
[2021-12-14 17:38:55] [ordersCreate] Order already exists.
[2021-12-16 18:07:20] [ordersCreate] Order already exists.
[2021-12-16 18:07:25] [ordersCreate] Order already exists.
[2021-12-16 18:19:45] [ordersCreate] Order already exists.
[2021-12-17 13:09:46] [ordersCreate] Order already exists.
[2021-12-17 13:09:51] [ordersCreate] Order already exists.
[2021-12-22 14:19:26] [ordersCreate] Order already exists.
[2021-12-23 10:37:50] [ordersCreate] Order already exists.
[2021-12-23 11:56:52] [ordersCreate] Order already exists.
[2021-12-25 15:19:29] [ordersCreate] Order already exists.
[2021-12-25 15:19:32] [ordersCreate] Order already exists.
[2021-12-26 12:56:20] [ordersCreate] Order already exists.
[2021-12-26 12:56:49] [ordersCreate] Order already exists.
[2021-12-26 20:10:07] [ordersCreate] Order already exists.
[2021-12-26 20:10:31] [ordersCreate] Order already exists.
[2021-12-26 20:10:44] [ordersCreate] Order already exists.
[2021-12-27 12:49:18] [ordersCreate] Order already exists.
[2021-12-27 12:49:28] [ordersCreate] Order already exists.
[2021-12-27 15:46:49] [ordersCreate] Order already exists.
[2021-12-28 01:10:46] [ordersCreate] Order already exists.
[2021-12-28 01:10:54] [ordersCreate] Order already exists.
[2021-12-29 21:26:39] [ordersCreate] Order already exists.
[2021-12-29 21:26:49] [ordersCreate] Order already exists.
[2021-12-29 21:26:51] [ordersCreate] Order already exists.
[2022-01-04 19:38:51] [ordersCreate] Order already exists.
[2022-01-04 19:39:10] [ordersCreate] Order already exists.
[2022-01-07 20:12:55] [ordersCreate] Order already exists.
[2022-01-07 20:12:58] [ordersCreate] Order already exists.
[2022-01-10 16:42:45] [ordersCreate] Order already exists.
[2022-01-10 16:43:10] [ordersCreate] Order already exists.
[2022-01-17 13:28:55] [ordersCreate] Order already exists.
[2022-01-18 09:17:19] [ordersCreate] Order already exists.
[2022-01-18 09:17:23] [ordersCreate] Order already exists.
[2022-01-20 21:41:10] [ordersCreate] Order already exists.
[2022-01-24 09:45:17] [ordersCreate] Order already exists.
[2022-01-28 17:38:01] [ordersCreate] Order already exists.
[2022-01-28 17:38:17] [ordersCreate] Order already exists.
[2022-01-28 17:40:17] [ordersCreate] Order already exists.
[2022-01-28 17:40:20] [ordersCreate] Order already exists.
[2022-01-28 17:49:17] [ordersCreate] Order already exists.
[2022-01-28 17:49:28] [ordersCreate] Order already exists.
[2022-01-28 17:49:35] [ordersCreate] Order already exists.
[2022-01-28 17:49:38] [ordersCreate] Order already exists.
[2022-01-28 17:49:42] [ordersCreate] Order already exists.
[2022-01-28 18:54:51] [ordersCreate] Order already exists.
[2022-01-28 18:54:55] [ordersCreate] Order already exists.
[2022-01-28 19:28:40] [ordersCreate] Order already exists.
[2022-01-28 19:31:20] [ordersCreate] Order already exists.
[2022-01-28 19:31:24] [ordersCreate] Order already exists.
[2022-01-30 23:01:54] [ordersCreate] Order already exists.
[2022-02-02 16:05:10] [ordersCreate] Order already exists.
[2022-02-03 16:28:18] [ordersCreate] Order already exists.
[2022-02-03 16:28:43] [ordersCreate] Order already exists.
[2022-02-11 21:12:52] [ordersCreate] Order already exists.
[2022-02-11 21:13:01] [ordersCreate] Order already exists.
[2022-02-16 11:29:22] [ordersCreate] Order already exists.
[2022-02-16 11:32:54] [ordersCreate] Order already exists.
[2022-02-20 21:57:03] [ordersCreate] Order already exists.
[2022-04-11 01:45:21] [ordersCreate] Order already exists.
[2022-04-12 14:56:19] [ordersCreate] Order already exists.
[2022-04-27 11:08:38] [ordersCreate] Order already exists.
[2022-05-05 19:14:26] [ordersCreate] Order already exists.
[2022-05-05 19:14:52] [ordersCreate] Order already exists.
[2022-05-05 19:15:25] [ordersCreate] Order already exists.
[2022-05-16 12:24:53] [ordersCreate] Order already exists.
[2022-05-19 15:51:24] [ordersCreate] Order already exists.
[2022-05-21 12:15:46] [ordersCreate] Order already exists.
[2022-05-21 12:15:51] [ordersCreate] Order already exists.
[2022-05-21 12:15:56] [ordersCreate] Order already exists.
[2022-05-26 14:05:59] [ordersCreate] Order already exists.
[2022-05-26 14:06:01] [ordersCreate] Order already exists.
[2022-05-27 11:11:13] [ordersCreate] Order already exists.
[2022-06-07 23:12:58] [ordersCreate] Order already exists.
[2022-06-10 23:53:12] [ordersCreate] Order already exists.
[2022-06-11 00:03:16] [ordersCreate] Order already exists.
[2022-06-11 00:03:19] [ordersCreate] Order already exists.
[2022-06-12 13:24:30] [ordersCreate] Order already exists.
[2022-06-12 13:26:00] [ordersCreate] Order already exists.
[2022-06-13 18:06:14] [ordersCreate] Order already exists.
[2022-06-15 14:03:01] [ordersCreate] Order already exists.
[2022-06-15 14:03:12] [ordersCreate] Order already exists.
[2022-06-17 17:20:57] [ordersCreate] Order already exists.
[2022-06-17 17:21:01] [ordersCreate] Order already exists.
[2022-06-29 23:05:02] [ordersCreate] Order already exists.
[2022-06-29 23:05:26] [ordersCreate] Order already exists.
[2022-07-01 12:06:24] [ordersCreate] Order already exists.
[2022-07-02 11:27:21] [ordersCreate] Order already exists.
[2022-07-04 23:16:35] [ordersCreate] Order already exists.
[2022-07-06 11:36:59] [ordersCreate] Order already exists.
[2022-07-06 11:38:05] [ordersCreate] Order already exists.
[2022-07-08 16:25:32] [ordersCreate] Order already exists.
[2022-07-09 06:46:16] [ordersCreate] Order already exists.
[2022-07-09 06:46:23] [ordersCreate] Order already exists.
[2022-07-12 12:07:12] [ordersCreate] Order already exists.
[2022-07-14 21:13:24] [ordersCreate] Order already exists.
[2022-07-14 21:14:17] [ordersCreate] Order already exists.
[2022-07-15 19:54:06] [ordersCreate] Order already exists.
[2022-07-19 13:54:05] [ordersCreate] Order already exists.
[2022-07-21 15:56:36] [ordersCreate] Order already exists.
[2022-07-21 15:56:55] [ordersCreate] Order already exists.
[2022-07-25 13:34:52] [ordersCreate] Order already exists.
[2022-07-25 13:35:40] [ordersCreate] Order already exists.
[2022-07-25 13:35:44] [ordersCreate] Order already exists.
[2022-08-01 08:43:52] [ordersCreate] Order already exists.
[2022-08-01 08:44:45] [ordersCreate] Order already exists.
[2022-08-05 01:09:17] [ordersCreate] Order already exists.
[2022-08-05 01:09:24] [ordersCreate] Order already exists.
[2022-08-10 20:53:36] [ordersCreate] Order already exists.
[2022-08-19 09:27:07] [ordersCreate] Order already exists.
[2022-08-19 09:27:12] [ordersCreate] Order already exists.
[2022-08-26 21:39:57] [ordersCreate] Order already exists.
[2022-08-26 21:40:18] [ordersCreate] Order already exists.
[2022-08-26 21:52:03] [ordersCreate] Order already exists.
[2022-08-26 21:52:09] [ordersCreate] Order already exists.
[2022-08-26 21:52:16] [ordersCreate] Order already exists.
[2022-08-27 00:29:00] [ordersCreate] Order already exists.
[2022-08-27 03:25:59] [ordersCreate] Order already exists.
[2022-09-01 15:00:39] [ordersCreate] Order already exists.
[2022-09-06 09:56:08] [ordersCreate] Order already exists.
[2022-09-09 14:23:37] [ordersCreate] Order already exists.
[2022-09-09 14:23:45] [ordersCreate] Order already exists.
[2022-09-09 19:58:43] [ordersCreate] Order already exists.
[2022-09-09 19:58:50] [ordersCreate] Order already exists.
[2022-09-13 21:50:58] [ordersCreate] Order already exists.
[2022-09-17 23:44:37] [ordersCreate] Order already exists.
[2022-09-19 10:06:23] [ordersCreate] Order already exists.
[2022-09-19 10:06:31] [ordersCreate] Order already exists.
[2022-09-19 10:07:10] [ordersCreate] Order already exists.
[2022-09-20 09:30:47] [ordersCreate] Order already exists.
[2022-09-20 09:30:55] [ordersCreate] Order already exists.
[2022-09-20 09:31:46] [ordersCreate] Order already exists.
[2022-09-20 09:31:52] [ordersCreate] Order already exists.
[2022-09-20 09:32:23] [ordersCreate] Order already exists.
[2022-09-20 09:32:25] [ordersCreate] Order already exists.
[2022-09-20 09:43:19] [ordersCreate] Order already exists.
[2022-09-20 09:43:24] [ordersCreate] Order already exists.
[2022-09-20 09:43:28] [ordersCreate] Order already exists.
[2022-09-20 10:48:25] [ordersCreate] Order already exists.
[2022-09-20 10:48:31] [ordersCreate] Order already exists.
[2022-09-20 10:50:36] [ordersCreate] Order already exists.
[2022-09-20 11:18:53] [ordersCreate] Order already exists.
[2022-09-20 11:19:13] [ordersCreate] Order already exists.
[2022-09-20 11:19:20] [ordersCreate] Order already exists.
[2022-09-20 12:17:52] [ordersCreate] Order already exists.
[2022-09-21 16:18:07] [ordersCreate] Order already exists.
[2022-09-21 23:26:26] [ordersCreate] Order already exists.
[2022-09-21 23:26:55] [ordersCreate] Order already exists.
[2022-09-22 11:09:15] [ordersCreate] Order already exists.
[2022-09-22 11:54:40] [ordersCreate] Order already exists.
[2022-09-22 13:02:10] [ordersCreate] Order already exists.
[2022-09-23 08:30:54] [ordersCreate] Order already exists.
[2022-09-23 08:31:05] [ordersCreate] Order already exists.
[2022-09-23 10:47:00] [ordersCreate] Order already exists.
[2022-09-23 10:47:10] [ordersCreate] Order already exists.
[2022-09-23 14:59:26] [ordersCreate] Order already exists.
[2022-09-23 15:02:15] [ordersCreate] Order already exists.
[2022-09-23 15:02:18] [ordersCreate] Order already exists.
[2022-09-23 16:06:59] [ordersCreate] Order already exists.
[2022-09-23 16:07:06] [ordersCreate] Order already exists.
[2022-09-23 16:07:16] [ordersCreate] Order already exists.
[2022-09-23 22:27:59] [ordersCreate] Order already exists.
[2022-09-24 10:45:56] [ordersCreate] Order already exists.
[2022-09-24 10:46:09] [ordersCreate] Order already exists.
[2022-09-24 10:46:13] [ordersCreate] Order already exists.
[2022-09-24 10:46:15] [ordersCreate] Order already exists.
[2022-09-24 10:46:25] [ordersCreate] Order already exists.
[2022-09-24 17:30:05] [ordersCreate] Order already exists.
[2022-09-24 17:30:11] [ordersCreate] Order already exists.
[2022-09-25 15:27:27] [ordersCreate] Order already exists.
[2022-09-25 15:28:00] [ordersCreate] Order already exists.
[2022-09-26 09:21:37] [ordersCreate] Order already exists.
[2022-09-26 15:19:36] [ordersCreate] Order already exists.
[2022-09-27 21:34:06] [ordersCreate] Order already exists.
[2022-09-27 21:34:10] [ordersCreate] Order already exists.
[2022-09-27 22:59:22] [ordersCreate] Order already exists.
[2022-09-27 22:59:37] [ordersCreate] Order already exists.
[2022-09-27 23:00:04] [ordersCreate] Order already exists.
[2022-09-27 23:00:07] [ordersCreate] Order already exists.
[2022-09-27 23:00:20] [ordersCreate] Order already exists.
[2022-09-27 23:11:39] [ordersCreate] Order already exists.
[2022-09-27 23:12:03] [ordersCreate] Order already exists.
[2022-09-27 23:12:04] [ordersCreate] Order already exists.
[2022-09-28 11:05:56] [ordersCreate] Order already exists.
[2022-09-28 11:06:04] [ordersCreate] Order already exists.
[2022-09-28 13:41:57] [ordersCreate] Order already exists.
[2022-09-29 12:53:58] [ordersCreate] Order already exists.
[2022-09-29 12:54:00] [ordersCreate] Order already exists.
[2022-09-29 12:54:24] [ordersCreate] Order already exists.
[2022-09-29 12:54:31] [ordersCreate] Order already exists.
[2022-09-29 17:17:33] [ordersCreate] Order already exists.
[2022-09-30 10:59:01] [ordersCreate] Order already exists.
[2022-09-30 10:59:13] [ordersCreate] Order already exists.
[2022-09-30 10:59:22] [ordersCreate] Order already exists.
[2022-09-30 10:59:40] [ordersCreate] Order already exists.
[2022-09-30 11:07:55] [ordersCreate] Order already exists.
[2022-10-01 11:13:04] [ordersCreate] Order already exists.
[2022-10-01 11:14:37] [ordersCreate] Order already exists.
[2022-10-02 23:41:37] [ordersCreate] Order already exists.
[2022-10-02 23:41:44] [ordersCreate] Order already exists.
[2022-10-04 00:07:35] [ordersCreate] Order already exists.
[2022-10-04 00:08:03] [ordersCreate] Order already exists.
[2022-10-04 00:08:08] [ordersCreate] Order already exists.
[2022-10-08 18:12:24] [ordersCreate] Order already exists.
[2022-10-10 01:31:17] [ordersCreate] Order already exists.
[2022-10-10 01:31:42] [ordersCreate] Order already exists.
[2022-10-10 01:34:51] [ordersCreate] Order already exists.
[2022-10-10 01:37:12] [ordersCreate] Order already exists.
[2022-10-12 09:35:14] [ordersCreate] Order already exists.
[2022-10-16 21:12:16] [ordersCreate] Order already exists.
[2022-10-16 21:12:19] [ordersCreate] Order already exists.
[2022-10-18 22:17:03] [ordersCreate] Order already exists.
[2022-10-18 22:18:48] [ordersCreate] Order already exists.
[2022-10-22 12:20:48] [ordersCreate] Order already exists.
[2022-10-22 12:21:03] [ordersCreate] Order already exists.
[2022-10-24 21:30:42] [ordersCreate] Order already exists.
[2022-10-24 21:30:54] [ordersCreate] Order already exists.
[2022-10-24 21:30:59] [ordersCreate] Order already exists.
[2022-11-01 19:58:19] [ordersCreate] Order already exists.
[2022-11-01 19:59:17] [ordersCreate] Order already exists.
[2022-11-01 20:00:35] [ordersCreate] Order already exists.
[2022-11-07 18:11:06] [ordersCreate] Order already exists.
[2022-11-07 18:13:26] [ordersCreate] Order already exists.
[2022-11-07 18:13:51] [ordersCreate] Order already exists.
[2022-11-09 11:36:10] [ordersCreate] Order already exists.
[2022-11-09 11:36:29] [ordersCreate] Order already exists.
[2022-11-11 02:03:12] [ordersCreate] Order already exists.
[2022-11-11 02:03:17] [ordersCreate] Order already exists.
[2022-11-11 13:11:42] [ordersCreate] Order already exists.
[2022-11-29 14:29:17] [ordersCreate] Order already exists.
[2022-11-30 13:38:03] [ordersCreate] Order already exists.
[2022-11-30 13:38:48] [ordersCreate] Order already exists.
[2022-12-08 23:28:19] [ordersCreate] Order already exists.
[2022-12-08 23:28:39] [ordersCreate] Order already exists.
[2022-12-12 18:33:39] [ordersCreate] Order already exists.
